09:42:49 **** Incremental Build of configuration Debug for project NTI_FinalProject_ECU2 ****
make all 
Building file: ../HAL/WIFI/WIFI_prog.c
Invoking: AVR Compiler
avr-gcc -I"F:\embedded\NTIProjects\ali\Project\NTI_FinalProject_ECU2\APP" -I"F:\embedded\NTIProjects\ali\Project\NTI_FinalProject_ECU2\APP\millis" -I"F:\embedded\NTIProjects\ali\Project\NTI_FinalProject_ECU2\HAL\WIFI" -I"F:\embedded\NTIProjects\ali\Project\NTI_FinalProject_ECU2\MCAL\UART" -I"F:\embedded\NTIProjects\ali\Project\NTI_FinalProject_ECU2\APP\WifiBroker" -I"F:\embedded\NTIProjects\ali\Project\NTI_FinalProject_ECU2\APP\FanSpeed" -I"F:\embedded\NTIProjects\ali\Project\NTI_FinalProject_ECU2\APP\LedIntensity" -I"F:\embedded\NTIProjects\ali\Project\NTI_FinalProject_ECU2\CONFIG" -I"F:\embedded\NTIProjects\ali\Project\NTI_FinalProject_ECU2\HAL" -I"F:\embedded\NTIProjects\ali\Project\NTI_FinalProject_ECU2\HAL\CLCD" -I"F:\embedded\NTIProjects\ali\Project\NTI_FinalProject_ECU2\HAL\DC_MOTOR" -I"F:\embedded\NTIProjects\ali\Project\NTI_FinalProject_ECU2\HAL\LDR" -I"F:\embedded\NTIProjects\ali\Project\NTI_FinalProject_ECU2\HAL\LM35" -I"F:\embedded\NTIProjects\ali\Project\NTI_FinalProject_ECU2\LIB" -I"F:\embedded\NTIProjects\ali\Project\NTI_FinalProject_ECU2\MCAL" -I"F:\embedded\NTIProjects\ali\Project\NTI_FinalProject_ECU2\MCAL\ADC" -I"F:\embedded\NTIProjects\ali\Project\NTI_FinalProject_ECU2\MCAL\DIO" -I"F:\embedded\NTIProjects\ali\Project\NTI_FinalProject_ECU2\MCAL\EX_INT" -I"F:\embedded\NTIProjects\ali\Project\NTI_FinalProject_ECU2\MCAL\GIE" -I"F:\embedded\NTIProjects\ali\Project\NTI_FinalProject_ECU2\MCAL\PORT" -I"F:\embedded\NTIProjects\ali\Project\NTI_FinalProject_ECU2\MCAL\TIM" -I"F:\embedded\NTIProjects\ali\Project\NTI_FinalProject_ECU2\Services" -I"C:\WinAVR-20100110\avr\include" -Wall -g2 -gstabs -O0 -fpack-struct -fshort-enums -ffunction-sections -fdata-sections -std=gnu99 -funsigned-char -funsigned-bitfields -mmcu=atmega32 -DF_CPU=16000000UL -MMD -MP -MF"HAL/WIFI/WIFI_prog.d" -MT"HAL/WIFI/WIFI_prog.o" -c -o "HAL/WIFI/WIFI_prog.o" "../HAL/WIFI/WIFI_prog.c"
In file included from ../HAL/WIFI/WIFI_prog.c:12:
C:\WinAVR-20100110\avr\include/Avr/delay.h:36:2: warning: #warning "This file has been moved to <util/delay.h>."
In file included from C:\WinAVR-20100110\avr\include/Avr/delay.h:37,
                 from ../HAL/WIFI/WIFI_prog.c:12:
C:\WinAVR-20100110\avr\include/util/delay.h:90:3: warning: #warning "Compiler optimizations disabled; functions from <util/delay.h> won't work as designed"
Finished building: ../HAL/WIFI/WIFI_prog.c
 
Building target: NTI_FinalProject_ECU2.elf
Invoking: AVR C Linker
avr-gcc -Wl,-Map,NTI_FinalProject_ECU2.map -mmcu=atmega32 -o "NTI_FinalProject_ECU2.elf"  ./MCAL/UART/UART_prog.o  ./MCAL/TIM/TIM_prog.o  ./MCAL/PORT/Port_prog.o  ./MCAL/GIE/GIE_prog.o  ./MCAL/EX_INT/EX_INT_prog.o  ./MCAL/DIO/Dio_prog.o  ./MCAL/ADC/ADC_prog.o  ./HAL/WIFI/WIFI_prog.o  ./HAL/LM35/LM35_prog.o  ./HAL/LDR/LDR_prog.o  ./HAL/DC_MOTOR/DC_MOTOR_prog.o  ./HAL/CLCD/CLCD_prog.o  ./CONFIG/ADC_Lconfig.o ./CONFIG/DC_MOTOR_Lconfig.o ./CONFIG/Dio_Lcfg.o ./CONFIG/EX_INT_Lconfig.o ./CONFIG/LDR_Lconfig.o ./CONFIG/LM35_Lconfig.o ./CONFIG/Port_Lcfg.o ./CONFIG/TIM_Lconfig.o ./CONFIG/UART_Lcfg.o ./CONFIG/WIFI_Lcfg.o  ./APP/millis/millis.o  ./APP/WifiBroker/WifiBroker.o  ./APP/LedIntensity/LedIntensity.o  ./APP/FanSpeed/FanSpeed.o  ./APP/main.o   
Finished building target: NTI_FinalProject_ECU2.elf
 
Invoking: AVR Create Extended Listing
avr-objdump -h -S NTI_FinalProject_ECU2.elf  >"NTI_FinalProject_ECU2.lss"
Finished building: NTI_FinalProject_ECU2.lss
 
Create Flash image (ihex format)
avr-objcopy -R .eeprom -R .fuse -R .lock -R .signature -O ihex NTI_FinalProject_ECU2.elf  "NTI_FinalProject_ECU2.hex"
Finished building: NTI_FinalProject_ECU2.hex
 
Invoking: Print Size
avr-size --format=avr --mcu=atmega32 NTI_FinalProject_ECU2.elf
AVR Memory Usage
----------------
Device: atmega32

Program:   31860 bytes (97.2% Full)
(.text + .data + .bootloader)

Data:       1046 bytes (51.1% Full)
(.data + .bss + .noinit)


Finished building: sizedummy
 
