00:09:21 **** Incremental Build of configuration Debug for project NTI_FinalProject_ECU2 ****
make all 
Building file: ../APP/main.c
Invoking: AVR Compiler
avr-gcc -I"C:\Users\alish\Desktop\NTI R2\Embedded\NTI - PROJECTS\Final1-Project\Project\NTI_FinalProject_ECU2\APP" -I"C:\Users\alish\Desktop\NTI R2\Embedded\NTI - PROJECTS\Final1-Project\Project\NTI_FinalProject_ECU2\Services\SensorWifiBroker" -I"C:\Users\alish\Desktop\NTI R2\Embedded\NTI - PROJECTS\Final1-Project\Project\NTI_FinalProject_ECU2\APP\FanSpeed" -I"C:\Users\alish\Desktop\NTI R2\Embedded\NTI - PROJECTS\Final1-Project\Project\NTI_FinalProject_ECU2\APP\LedIntensity" -I"C:\Users\alish\Desktop\NTI R2\Embedded\NTI - PROJECTS\Final1-Project\Project\NTI_FinalProject_ECU2\CONFIG" -I"C:\Users\alish\Desktop\NTI R2\Embedded\NTI - PROJECTS\Final1-Project\Project\NTI_FinalProject_ECU2\HAL" -I"C:\Users\alish\Desktop\NTI R2\Embedded\NTI - PROJECTS\Final1-Project\Project\NTI_FinalProject_ECU2\HAL\CLCD" -I"C:\Users\alish\Desktop\NTI R2\Embedded\NTI - PROJECTS\Final1-Project\Project\NTI_FinalProject_ECU2\HAL\DC_MOTOR" -I"C:\Users\alish\Desktop\NTI R2\Embedded\NTI - PROJECTS\Final1-Project\Project\NTI_FinalProject_ECU2\HAL\LDR" -I"C:\Users\alish\Desktop\NTI R2\Embedded\NTI - PROJECTS\Final1-Project\Project\NTI_FinalProject_ECU2\HAL\LM35" -I"C:\Users\alish\Desktop\NTI R2\Embedded\NTI - PROJECTS\Final1-Project\Project\NTI_FinalProject_ECU2\LIB" -I"C:\Users\alish\Desktop\NTI R2\Embedded\NTI - PROJECTS\Final1-Project\Project\NTI_FinalProject_ECU2\MCAL" -I"C:\Users\alish\Desktop\NTI R2\Embedded\NTI - PROJECTS\Final1-Project\Project\NTI_FinalProject_ECU2\MCAL\ADC" -I"C:\Users\alish\Desktop\NTI R2\Embedded\NTI - PROJECTS\Final1-Project\Project\NTI_FinalProject_ECU2\MCAL\DIO" -I"C:\Users\alish\Desktop\NTI R2\Embedded\NTI - PROJECTS\Final1-Project\Project\NTI_FinalProject_ECU2\MCAL\EX_INT" -I"C:\Users\alish\Desktop\NTI R2\Embedded\NTI - PROJECTS\Final1-Project\Project\NTI_FinalProject_ECU2\MCAL\GIE" -I"C:\Users\alish\Desktop\NTI R2\Embedded\NTI - PROJECTS\Final1-Project\Project\NTI_FinalProject_ECU2\MCAL\PORT" -I"C:\Users\alish\Desktop\NTI R2\Embedded\NTI - PROJECTS\Final1-Project\Project\NTI_FinalProject_ECU2\MCAL\TIM" -I"C:\Users\alish\Desktop\NTI R2\Embedded\NTI - PROJECTS\Final1-Project\Project\NTI_FinalProject_ECU2\Services" -Wall -g2 -gstabs -O0 -fpack-struct -fshort-enums -ffunction-sections -fdata-sections -std=gnu99 -funsigned-char -funsigned-bitfields -mmcu=atmega32 -DF_CPU=16000000UL -MMD -MP -MF"APP/main.d" -MT"APP/main.o" -c -o "APP/main.o" "../APP/main.c"
In file included from ../APP/main.c:8:
c:/winavr-20100110/lib/gcc/../../avr/include/util/delay.h:90:3: warning: #warning "Compiler optimizations disabled; functions from <util/delay.h> won't work as designed"
../APP/main.c: In function 'main':
../APP/main.c:48: warning: implicit declaration of function 'H_LM35_void_Init'
../APP/main.c:57: warning: implicit declaration of function 'strtok'
../APP/main.c:57: warning: assignment makes pointer from integer without a cast
../APP/main.c:58: warning: pointer targets in passing argument 1 of 'H_CLCD_voidSendString' differ in signedness
../APP/main.c:62: warning: pointer targets in passing argument 1 of 'H_CLCD_voidSendString' differ in signedness
../APP/main.c:63: warning: pointer targets in passing argument 1 of 'H_CLCD_voidSendString' differ in signedness
../APP/main.c:65: warning: assignment makes pointer from integer without a cast
../APP/main.c:51: warning: unused variable 'resOVER40'
../APP/main.c:50: warning: unused variable 'res'
Finished building: ../APP/main.c
 
Building target: NTI_FinalProject_ECU2.elf
Invoking: AVR C Linker
avr-gcc -Wl,-Map,NTI_FinalProject_ECU2.map -mmcu=atmega32 -o "NTI_FinalProject_ECU2.elf"  ./Services/SensorWifiBroker/WifiBroker.o  ./MCAL/TIM/TIM_prog.o  ./MCAL/PORT/Port_prog.o  ./MCAL/GIE/GIE_prog.o  ./MCAL/EX_INT/EX_INT_prog.o  ./MCAL/DIO/Dio_prog.o  ./MCAL/ADC/ADC_prog.o  ./HAL/LM35/LM35_prog.o  ./HAL/LDR/LDR_prog.o  ./HAL/DC_MOTOR/DC_MOTOR_prog.o  ./HAL/CLCD/CLCD_prog.o  ./CONFIG/ADC_Lconfig.o ./CONFIG/DC_MOTOR_Lconfig.o ./CONFIG/Dio_Lcfg.o ./CONFIG/EX_INT_Lconfig.o ./CONFIG/LDR_Lconfig.o ./CONFIG/LM35_Lconfig.o ./CONFIG/Port_Lcfg.o ./CONFIG/TIM_Lconfig.o  ./APP/LedIntensity/LedIntensity.o  ./APP/FanSpeed/FanSpeed.o  ./APP/main.o   
Finished building target: NTI_FinalProject_ECU2.elf
 
Invoking: AVR Create Extended Listing
avr-objdump -h -S NTI_FinalProject_ECU2.elf  >"NTI_FinalProject_ECU2.lss"
Finished building: NTI_FinalProject_ECU2.lss
 
Create Flash image (ihex format)
avr-objcopy -R .eeprom -R .fuse -R .lock -R .signature -O ihex NTI_FinalProject_ECU2.elf  "NTI_FinalProject_ECU2.hex"
Finished building: NTI_FinalProject_ECU2.hex
 
Invoking: Print Size
avr-size --format=avr --mcu=atmega32 NTI_FinalProject_ECU2.elf
AVR Memory Usage
----------------
Device: atmega32

Program:   28236 bytes (86.2% Full)
(.text + .data + .bootloader)

Data:        789 bytes (38.5% Full)
(.data + .bss + .noinit)


Finished building: sizedummy
 

00:09:23 Build Finished. 0 errors, 10 warnings. (took 1s.131ms)

